<?xml version="1.0" encoding="UTF-8"?>
<testsuite name="kuick.repositories.elasticsearch.orm.QueryGenerationTest" tests="4" skipped="0" failures="0" errors="0" timestamp="2019-02-25T13:54:19" hostname="Carloss-MBP.lan" time="0.104">
  <properties/>
  <testcase name="should transform like query" classname="kuick.repositories.elasticsearch.orm.QueryGenerationTest" time="0.015"/>
  <testcase name="should transform within query" classname="kuick.repositories.elasticsearch.orm.QueryGenerationTest" time="0.069"/>
  <testcase name="should transform eq query" classname="kuick.repositories.elasticsearch.orm.QueryGenerationTest" time="0.017"/>
  <testcase name="should transform and query" classname="kuick.repositories.elasticsearch.orm.QueryGenerationTest" time="0.003"/>
  <system-out><![CDATA[]]></system-out>
  <system-err><![CDATA[]]></system-err>
</testsuite>
