<?xml version="1.0" encoding="UTF-8"?>
<testsuite name="kuick.repositories.elasticsearch.orm.QueryExecutionTest" tests="12" skipped="0" failures="0" errors="0" timestamp="2019-02-25T13:54:11" hostname="Carloss-MBP.lan" time="7.982">
  <properties/>
  <testcase name="lte$kuick_repositories_elasticsearch" classname="kuick.repositories.elasticsearch.orm.QueryExecutionTest" time="0.595"/>
  <testcase name="or$kuick_repositories_elasticsearch" classname="kuick.repositories.elasticsearch.orm.QueryExecutionTest" time="0.019"/>
  <testcase name="within$kuick_repositories_elasticsearch" classname="kuick.repositories.elasticsearch.orm.QueryExecutionTest" time="1.258"/>
  <testcase name="range using gt and lt$kuick_repositories_elasticsearch" classname="kuick.repositories.elasticsearch.orm.QueryExecutionTest" time="0.603"/>
  <testcase name="is null$kuick_repositories_elasticsearch" classname="kuick.repositories.elasticsearch.orm.QueryExecutionTest" time="0.52"/>
  <testcase name="like$kuick_repositories_elasticsearch" classname="kuick.repositories.elasticsearch.orm.QueryExecutionTest" time="1.135"/>
  <testcase name="gt$kuick_repositories_elasticsearch" classname="kuick.repositories.elasticsearch.orm.QueryExecutionTest" time="0.623"/>
  <testcase name="lt$kuick_repositories_elasticsearch" classname="kuick.repositories.elasticsearch.orm.QueryExecutionTest" time="0.727"/>
  <testcase name="and$kuick_repositories_elasticsearch" classname="kuick.repositories.elasticsearch.orm.QueryExecutionTest" time="0.54"/>
  <testcase name="not$kuick_repositories_elasticsearch" classname="kuick.repositories.elasticsearch.orm.QueryExecutionTest" time="0.016"/>
  <testcase name="gte$kuick_repositories_elasticsearch" classname="kuick.repositories.elasticsearch.orm.QueryExecutionTest" time="1.011"/>
  <testcase name="eq$kuick_repositories_elasticsearch" classname="kuick.repositories.elasticsearch.orm.QueryExecutionTest" time="0.812"/>
  <system-out><![CDATA[]]></system-out>
  <system-err><![CDATA[Feb 25, 2019 2:54:12 PM org.elasticsearch.client.RestClient logResponse
WARNING: request [PUT http://127.0.0.1:9200/testmodel?master_timeout=30s&timeout=30s] returned 1 warnings: [299 Elasticsearch-6.6.0-a9861f4 "the default number of shards will change from [5] to [1] in 7.0.0; if you wish to continue using the default of [5] shards, you must manage this on the create index request or with an index template" "Mon, 25 Feb 2019 13:54:11 GMT"]
Feb 25, 2019 2:54:13 PM org.elasticsearch.client.RestClient logResponse
WARNING: request [PUT http://127.0.0.1:9200/testmodel?master_timeout=30s&timeout=30s] returned 1 warnings: [299 Elasticsearch-6.6.0-a9861f4 "the default number of shards will change from [5] to [1] in 7.0.0; if you wish to continue using the default of [5] shards, you must manage this on the create index request or with an index template" "Mon, 25 Feb 2019 13:54:12 GMT"]
Feb 25, 2019 2:54:14 PM org.elasticsearch.client.RestClient logResponse
WARNING: request [PUT http://127.0.0.1:9200/testmodel?master_timeout=30s&timeout=30s] returned 1 warnings: [299 Elasticsearch-6.6.0-a9861f4 "the default number of shards will change from [5] to [1] in 7.0.0; if you wish to continue using the default of [5] shards, you must manage this on the create index request or with an index template" "Mon, 25 Feb 2019 13:54:13 GMT"]
Feb 25, 2019 2:54:14 PM org.elasticsearch.client.RestClient logResponse
WARNING: request [PUT http://127.0.0.1:9200/testmodel?master_timeout=30s&timeout=30s] returned 1 warnings: [299 Elasticsearch-6.6.0-a9861f4 "the default number of shards will change from [5] to [1] in 7.0.0; if you wish to continue using the default of [5] shards, you must manage this on the create index request or with an index template" "Mon, 25 Feb 2019 13:54:14 GMT"]
Feb 25, 2019 2:54:15 PM org.elasticsearch.client.RestClient logResponse
WARNING: request [PUT http://127.0.0.1:9200/testmodel?master_timeout=30s&timeout=30s] returned 1 warnings: [299 Elasticsearch-6.6.0-a9861f4 "the default number of shards will change from [5] to [1] in 7.0.0; if you wish to continue using the default of [5] shards, you must manage this on the create index request or with an index template" "Mon, 25 Feb 2019 13:54:14 GMT"]
Feb 25, 2019 2:54:16 PM org.elasticsearch.client.RestClient logResponse
WARNING: request [PUT http://127.0.0.1:9200/testmodel?master_timeout=30s&timeout=30s] returned 1 warnings: [299 Elasticsearch-6.6.0-a9861f4 "the default number of shards will change from [5] to [1] in 7.0.0; if you wish to continue using the default of [5] shards, you must manage this on the create index request or with an index template" "Mon, 25 Feb 2019 13:54:16 GMT"]
Feb 25, 2019 2:54:17 PM org.elasticsearch.client.RestClient logResponse
WARNING: request [PUT http://127.0.0.1:9200/testmodel?master_timeout=30s&timeout=30s] returned 1 warnings: [299 Elasticsearch-6.6.0-a9861f4 "the default number of shards will change from [5] to [1] in 7.0.0; if you wish to continue using the default of [5] shards, you must manage this on the create index request or with an index template" "Mon, 25 Feb 2019 13:54:16 GMT"]
Feb 25, 2019 2:54:17 PM org.elasticsearch.client.RestClient logResponse
WARNING: request [PUT http://127.0.0.1:9200/testmodel?master_timeout=30s&timeout=30s] returned 1 warnings: [299 Elasticsearch-6.6.0-a9861f4 "the default number of shards will change from [5] to [1] in 7.0.0; if you wish to continue using the default of [5] shards, you must manage this on the create index request or with an index template" "Mon, 25 Feb 2019 13:54:17 GMT"]
Feb 25, 2019 2:54:18 PM org.elasticsearch.client.RestClient logResponse
WARNING: request [PUT http://127.0.0.1:9200/testmodel?master_timeout=30s&timeout=30s] returned 1 warnings: [299 Elasticsearch-6.6.0-a9861f4 "the default number of shards will change from [5] to [1] in 7.0.0; if you wish to continue using the default of [5] shards, you must manage this on the create index request or with an index template" "Mon, 25 Feb 2019 13:54:18 GMT"]
Feb 25, 2019 2:54:19 PM org.elasticsearch.client.RestClient logResponse
WARNING: request [PUT http://127.0.0.1:9200/testmodel?master_timeout=30s&timeout=30s] returned 1 warnings: [299 Elasticsearch-6.6.0-a9861f4 "the default number of shards will change from [5] to [1] in 7.0.0; if you wish to continue using the default of [5] shards, you must manage this on the create index request or with an index template" "Mon, 25 Feb 2019 13:54:19 GMT"]
]]></system-err>
</testsuite>
